android/proguard/mapping.txt
com.google.android.gms.ads.mediation.MediationInterstitialAdapter -> com.google.android.gms.ads.mediation.MediationInterstitialAdapter:
    void requestInterstitialAd(android.content.Context,com.google.android.gms.ads.mediation.MediationInterstitialListener,android.os.Bundle,com.google.android.gms.ads.mediation.MediationAdRequest,android.os.Bundle) -> requestInterstitialAd
    void showInterstitial() -> showInterstitial
com.google.android.gms.ads.mediation.MediationInterstitialListener -> com.google.android.gms.ads.mediation.MediationInterstitialListener:
    void onAdLoaded(com.google.android.gms.ads.mediation.MediationInterstitialAdapter) -> onAdLoaded
    void onAdFailedToLoad(com.google.android.gms.ads.mediation.MediationInterstitialAdapter,int) -> onAdFailedToLoad
    void onAdOpened(com.google.android.gms.ads.mediation.MediationInterstitialAdapter) -> onAdOpened
    void onAdClosed(com.google.android.gms.ads.mediation.MediationInterstitialAdapter) -> onAdClosed
    void onAdLeftApplication(com.google.android.gms.ads.mediation.MediationInterstitialAdapter) -> onAdLeftApplication
    void onAdClicked(com.google.android.gms.ads.mediation.MediationInterstitialAdapter) -> onAdClicked
com.google.android.gms.ads.mediation.NetworkExtras -> com.google.android.gms.ads.mediation.NetworkExtras:
com.google.android.gms.ads.mediation.admob.AdMobExtras -> com.google.android.gms.ads.mediation.admob.AdMobExtras:
    android.os.Bundle mExtras -> a
    android.os.Bundle getExtras() -> getExtras
com.google.android.gms.ads.mediation.customevent.CustomEvent -> com.google.android.gms.ads.mediation.customevent.CustomEvent:
    void onDestroy() -> onDestroy
    void onPause() -> onPause
    void onResume() -> onResume
com.google.android.gms.ads.mediation.customevent.CustomEventAdapter -> com.google.android.gms.ads.mediation.customevent.CustomEventAdapter:
    android.view.View n -> a
    com.google.android.gms.ads.mediation.customevent.CustomEventBanner xf -> b
    com.google.android.gms.ads.mediation.customevent.CustomEventInterstitial xg -> c
    java.lang.Object a(java.lang.String) -> a
    void onDestroy() -> onDestroy
    void onPause() -> onPause
    void onResume() -> onResume
    android.view.View getBannerView() -> getBannerView
    void requestBannerAd(android.content.Context,com.google.android.gms.ads.mediation.MediationBannerListener,android.os.Bundle,com.google.android.gms.ads.AdSize,com.google.android.gms.ads.mediation.MediationAdRequest,android.os.Bundle) -> requestBannerAd
    void requestInterstitialAd(android.content.Context,com.google.android.gms.ads.mediation.MediationInterstitialListener,android.os.Bundle,com.google.android.gms.ads.mediation.MediationAdRequest,android.os.Bundle) -> requestInterstitialAd
    void showInterstitial() -> showInterstitial
    void a(android.view.View) -> a
    void a(com.google.android.gms.ads.mediation.customevent.CustomEventAdapter,android.view.View) -> a
com.google.android.gms.ads.mediation.customevent.CustomEventAdapter$a -> com.google.android.gms.ads.mediation.customevent.a:
    com.google.android.gms.ads.mediation.customevent.CustomEventAdapter xh -> a
    com.google.android.gms.ads.mediation.MediationBannerListener l -> b
    void onAdLoaded(android.view.View) -> onAdLoaded
    void onAdFailedToLoad(int) -> onAdFailedToLoad
    void onAdClicked() -> onAdClicked
    void onAdOpened() -> onAdOpened
    void onAdClosed() -> onAdClosed
    void onAdLeftApplication() -> onAdLeftApplication