android/proguard/usage.txt
com.badlogic.gdx.physics.box2d.joints.MotorJointDef
com.badlogic.gdx.physics.box2d.joints.MouseJoint
com.badlogic.gdx.physics.box2d.joints.MouseJointDef
com.badlogic.gdx.physics.box2d.joints.PrismaticJoint
com.badlogic.gdx.physics.box2d.joints.PrismaticJointDef
com.badlogic.gdx.physics.box2d.joints.PulleyJoint
com.badlogic.gdx.physics.box2d.joints.PulleyJointDef
com.badlogic.gdx.physics.box2d.joints.RevoluteJoint
com.badlogic.gdx.physics.box2d.joints.RevoluteJointDef
com.badlogic.gdx.physics.box2d.joints.RopeJoint
com.badlogic.gdx.physics.box2d.joints.RopeJointDef
com.badlogic.gdx.physics.box2d.joints.WeldJoint
com.badlogic.gdx.physics.box2d.joints.WeldJointDef
com.badlogic.gdx.physics.box2d.joints.WheelJoint
com.badlogic.gdx.physics.box2d.joints.WheelJointDef
com.badlogic.gdx.physics.box2d.utils.Box2DBuild
com.badlogic.gdx.scenes.scene2d.Action:
    43:43:public com.badlogic.gdx.scenes.scene2d.Actor getActor()
com.badlogic.gdx.scenes.scene2d.Actor:
    private java.lang.Object userObject
    226:226:public boolean removeListener(com.badlogic.gdx.scenes.scene2d.EventListener)
    230:230:public com.badlogic.gdx.utils.Array getListeners()
    241:241:public boolean removeCaptureListener(com.badlogic.gdx.scenes.scene2d.EventListener)
    245:245:public com.badlogic.gdx.utils.Array getCaptureListeners()
    254:255:public void removeAction(com.badlogic.gdx.scenes.scene2d.Action)
    258:258:public com.badlogic.gdx.utils.Array getActions()
    304:308:public boolean isAscendantOf(com.badlogic.gdx.scenes.scene2d.Actor)
    314:314:public boolean hasParent()
    330:330:public boolean isTouchable()
    353:353:public java.lang.Object getUserObject()
    358:359:public void setUserObject(java.lang.Object)
    367:371:public void setX(float)
    379:383:public void setY(float)
    396:403:public void setCenterPosition(float,float)
    406:406:public float getCenterX()
    410:410:public float getCenterY()
    444:444:public float getTop()
    449:449:public float getRight()
    471:474:public void sizeBy(float)
    478:481:public void sizeBy(float,float)
    502:503:public void setOriginX(float)
    510:511:public void setOriginY(float)
    515:517:public void setOrigin(float,float)
    524:525:public void setScaleX(float)
    532:533:public void setScaleY(float)
    537:539:public void setScale(float)
    543:545:public void setScale(float,float)
    549:551:public void scaleBy(float)
com.badlogic.gdx.scenes.scene2d.Event:
    55:58:public void cancel()
    102:103:public void setBubbles(boolean)
    127:127:public boolean isCapture()
com.badlogic.gdx.scenes.scene2d.Group:
    284:292:public void addActorAt(int,com.badlogic.gdx.scenes.scene2d.Actor)
    297:303:public void addActorBefore(com.badlogic.gdx.scenes.scene2d.Actor,com.badlogic.gdx.scenes.scene2d.Actor)
    308:317:public void addActorAfter(com.badlogic.gdx.scenes.scene2d.Actor,com.badlogic.gdx.scenes.scene2d.Actor)
    353:363:public com.badlogic.gdx.scenes.scene2d.Actor findActor(java.lang.String)
    375:379:public boolean swapActor(int,int)
    384:388:public boolean swapActor(com.badlogic.gdx.scenes.scene2d.Actor,com.badlogic.gdx.scenes.scene2d.Actor)
    397:397:public boolean hasChildren()
    416:422:public com.badlogic.gdx.math.Vector2 localToDescendantCoordinates(com.badlogic.gdx.scenes.scene2d.Actor,com.badlogic.gdx.math.Vector2)
    447:448:public void print()
    451:457:private void print(java.lang.String)
com.badlogic.gdx.scenes.scene2d.InputEvent:
    108:109:public void setScrollAmount(int)